<?xml version="1.0" encoding="UTF-8"?>
<!-- Generated by org.testng.reporters.JUnitReportReporter -->
<testsuite skipped="0" hostname="VISHAL-HP" name="scripts.TestInvalidLogin" tests="2" failures="0" timestamp="20 Jul 2019 08:12:22 GMT" time="113.779" errors="0">
  <testcase name="testInvalidLogin" time="58.995" classname="scripts.TestInvalidLogin"/>
  <testcase name="testInvalidLogin" time="54.784" classname="scripts.TestInvalidLogin"/>
</testsuite> <!-- scripts.TestInvalidLogin -->
