<?xml version="1.0" encoding="UTF-8"?>
<!-- Generated by org.testng.reporters.JUnitReportReporter -->
<testsuite skipped="0" hostname="VISHAL-HP" name="scripts.TestValidLogin" tests="2" failures="0" timestamp="20 Jul 2019 08:12:22 GMT" time="59.154" errors="0">
  <testcase name="validLogin" time="29.148" classname="scripts.TestValidLogin"/>
  <testcase name="validLogin" time="30.006" classname="scripts.TestValidLogin"/>
</testsuite> <!-- scripts.TestValidLogin -->
