<?xml version="1.0" encoding="UTF-8"?>
<!-- Generated by org.testng.reporters.JUnitReportReporter -->
<testsuite skipped="0" hostname="VISHAL-HP" name="scripts.TestInvalidLogin" tests="2" failures="0" timestamp="20 Jul 2019 09:48:10 GMT" time="113.655" errors="0">
  <testcase name="testInvalidLogin" time="58.345" classname="scripts.TestInvalidLogin"/>
  <testcase name="testInvalidLogin" time="55.310" classname="scripts.TestInvalidLogin"/>
</testsuite> <!-- scripts.TestInvalidLogin -->
