<?xml version="1.0" encoding="UTF-8"?>
<!-- Generated by org.testng.reporters.JUnitReportReporter -->
<testsuite skipped="0" hostname="VISHAL-HP" name="scripts.TestValidLogin" tests="2" failures="0" timestamp="26 Jul 2019 04:10:43 GMT" time="64.896" errors="0">
  <testcase name="validLogin" time="34.094" classname="scripts.TestValidLogin"/>
  <testcase name="validLogin" time="30.802" classname="scripts.TestValidLogin"/>
</testsuite> <!-- scripts.TestValidLogin -->
