<?xml version="1.0" encoding="UTF-8"?>
<!-- Generated by org.testng.reporters.JUnitReportReporter -->
<testsuite skipped="0" hostname="VISHAL-HP" name="scripts.TestValidLogin" tests="2" failures="0" timestamp="20 Jul 2019 09:48:10 GMT" time="62.923" errors="0">
  <testcase name="validLogin" time="28.587" classname="scripts.TestValidLogin"/>
  <testcase name="validLogin" time="34.336" classname="scripts.TestValidLogin"/>
</testsuite> <!-- scripts.TestValidLogin -->
