<?xml version="1.0" encoding="UTF-8"?>
<!-- Generated by org.testng.reporters.JUnitReportReporter -->
<testsuite skipped="0" hostname="VISHAL-HP" name="scripts.TestInvalidLogin" tests="2" failures="0" timestamp="26 Jul 2019 04:10:43 GMT" time="107.561" errors="0">
  <testcase name="testInvalidLogin" time="49.163" classname="scripts.TestInvalidLogin"/>
  <testcase name="testInvalidLogin" time="58.398" classname="scripts.TestInvalidLogin"/>
</testsuite> <!-- scripts.TestInvalidLogin -->
